==4917== Memcheck, a memory error detector
==4917== Copyright (C) 2002-2017, and GNU GPL'd, by Julian Seward et al.
==4917== Using Valgrind-3.15.0 and LibVEX; rerun with -h for copyright info
==4917== Command: ./vec.out
==4917== Parent PID: 4786
==4917== 
==4917== Invalid read of size 8
==4917==    at 0x109349: VectorDestroy (Gvector.c:61)
==4917==    by 0x10A984: TestAddWorkNormal (GvectorTest.c:554)
==4917==    by 0x10983D: main (GvectorTest.c:60)
==4917==  Address 0x4a50720 is 0 bytes inside a block of size 40 free'd
==4917==    at 0x483CA3F: free (in /usr/lib/x86_64-linux-gnu/valgrind/vgpreload_memcheck-amd64-linux.so)
==4917==    by 0x109341: VectorDestroy (Gvector.c:60)
==4917==    by 0x10A984: TestAddWorkNormal (GvectorTest.c:554)
==4917==    by 0x10983D: main (GvectorTest.c:60)
==4917==  Block was alloc'd at
==4917==    at 0x483B7F3: malloc (in /usr/lib/x86_64-linux-gnu/valgrind/vgpreload_memcheck-amd64-linux.so)
==4917==    by 0x10923E: VectorCreate (Gvector.c:27)
==4917==    by 0x10A913: TestAddWorkNormal (GvectorTest.c:541)
==4917==    by 0x10983D: main (GvectorTest.c:60)
==4917== 
==4917== Invalid read of size 8
==4917==    at 0x109349: VectorDestroy (Gvector.c:61)
==4917==    by 0x10AAEA: TestAddInputNULL (GvectorTest.c:597)
==4917==    by 0x109851: main (GvectorTest.c:62)
==4917==  Address 0x4a50860 is 0 bytes inside a block of size 40 free'd
==4917==    at 0x483CA3F: free (in /usr/lib/x86_64-linux-gnu/valgrind/vgpreload_memcheck-amd64-linux.so)
==4917==    by 0x109341: VectorDestroy (Gvector.c:60)
==4917==    by 0x10AAEA: TestAddInputNULL (GvectorTest.c:597)
==4917==    by 0x109851: main (GvectorTest.c:62)
==4917==  Block was alloc'd at
==4917==    at 0x483B7F3: malloc (in /usr/lib/x86_64-linux-gnu/valgrind/vgpreload_memcheck-amd64-linux.so)
==4917==    by 0x10923E: VectorCreate (Gvector.c:27)
==4917==    by 0x10AAA1: TestAddInputNULL (GvectorTest.c:586)
==4917==    by 0x109851: main (GvectorTest.c:62)
==4917== 
==4917== Invalid read of size 8
==4917==    at 0x109349: VectorDestroy (Gvector.c:61)
==4917==    by 0x10AA4B: TestAddBlockSize0 (GvectorTest.c:577)
==4917==    by 0x10985B: main (GvectorTest.c:63)
==4917==  Address 0x4a50920 is 0 bytes inside a block of size 40 free'd
==4917==    at 0x483CA3F: free (in /usr/lib/x86_64-linux-gnu/valgrind/vgpreload_memcheck-amd64-linux.so)
==4917==    by 0x109341: VectorDestroy (Gvector.c:60)
==4917==    by 0x10AA4B: TestAddBlockSize0 (GvectorTest.c:577)
==4917==    by 0x10985B: main (GvectorTest.c:63)
==4917==  Block was alloc'd at
==4917==    at 0x483B7F3: malloc (in /usr/lib/x86_64-linux-gnu/valgrind/vgpreload_memcheck-amd64-linux.so)
==4917==    by 0x10923E: VectorCreate (Gvector.c:27)
==4917==    by 0x10A9DA: TestAddBlockSize0 (GvectorTest.c:564)
==4917==    by 0x10985B: main (GvectorTest.c:63)
==4917== 
==4917== Invalid read of size 8
==4917==    at 0x109349: VectorDestroy (Gvector.c:61)
==4917==    by 0x10A877: TestDestroy (GvectorTest.c:528)
==4917==    by 0x109865: main (GvectorTest.c:65)
==4917==  Address 0x4a509e0 is 0 bytes inside a block of size 40 free'd
==4917==    at 0x483CA3F: free (in /usr/lib/x86_64-linux-gnu/valgrind/vgpreload_memcheck-amd64-linux.so)
==4917==    by 0x109341: VectorDestroy (Gvector.c:60)
==4917==    by 0x10A877: TestDestroy (GvectorTest.c:528)
==4917==    by 0x109865: main (GvectorTest.c:65)
==4917==  Block was alloc'd at
==4917==    at 0x483B7F3: malloc (in /usr/lib/x86_64-linux-gnu/valgrind/vgpreload_memcheck-amd64-linux.so)
==4917==    by 0x10923E: VectorCreate (Gvector.c:27)
==4917==    by 0x10A829: TestDestroy (GvectorTest.c:523)
==4917==    by 0x109865: main (GvectorTest.c:65)
==4917== 
==4917== Invalid read of size 8
==4917==    at 0x109349: VectorDestroy (Gvector.c:61)
==4917==    by 0x10A7B6: TestDoubleDestroy (GvectorTest.c:510)
==4917==    by 0x10986F: main (GvectorTest.c:66)
==4917==  Address 0x4a50ab0 is 0 bytes inside a block of size 40 free'd
==4917==    at 0x483CA3F: free (in /usr/lib/x86_64-linux-gnu/valgrind/vgpreload_memcheck-amd64-linux.so)
==4917==    by 0x109341: VectorDestroy (Gvector.c:60)
==4917==    by 0x10A7B6: TestDoubleDestroy (GvectorTest.c:510)
==4917==    by 0x10986F: main (GvectorTest.c:66)
==4917==  Block was alloc'd at
==4917==    at 0x483B7F3: malloc (in /usr/lib/x86_64-linux-gnu/valgrind/vgpreload_memcheck-amd64-linux.so)
==4917==    by 0x10923E: VectorCreate (Gvector.c:27)
==4917==    by 0x10A768: TestDoubleDestroy (GvectorTest.c:505)
==4917==    by 0x10986F: main (GvectorTest.c:66)
==4917== 
==4917== Invalid read of size 8
==4917==    at 0x109349: VectorDestroy (Gvector.c:61)
==4917==    by 0x10A706: TestDestroyWithAllocation (GvectorTest.c:491)
==4917==    by 0x109879: main (GvectorTest.c:67)
==4917==  Address 0x4a50c20 is 0 bytes inside a block of size 40 free'd
==4917==    at 0x483CA3F: free (in /usr/lib/x86_64-linux-gnu/valgrind/vgpreload_memcheck-amd64-linux.so)
==4917==    by 0x109341: VectorDestroy (Gvector.c:60)
==4917==    by 0x10A706: TestDestroyWithAllocation (GvectorTest.c:491)
==4917==    by 0x109879: main (GvectorTest.c:67)
==4917==  Block was alloc'd at
==4917==    at 0x483B7F3: malloc (in /usr/lib/x86_64-linux-gnu/valgrind/vgpreload_memcheck-amd64-linux.so)
==4917==    by 0x10923E: VectorCreate (Gvector.c:27)
==4917==    by 0x10A6C9: TestDestroyWithAllocation (GvectorTest.c:487)
==4917==    by 0x109879: main (GvectorTest.c:67)
==4917== 
==4917== Conditional jump or move depends on uninitialised value(s)
==4917==    at 0x1094A5: VectorRemove (Gvector.c:116)
==4917==    by 0x10A5EA: TestRemoveNormal (GvectorTest.c:455)
==4917==    by 0x109883: main (GvectorTest.c:69)
==4917==  Uninitialised value was created by a stack allocation
==4917==    at 0x10A55C: TestRemoveNormal (GvectorTest.c:445)
==4917== 
==4917== Use of uninitialised value of size 8
==4917==    at 0x109536: VectorRemove (Gvector.c:130)
==4917==    by 0x10A5EA: TestRemoveNormal (GvectorTest.c:455)
==4917==    by 0x109883: main (GvectorTest.c:69)
==4917==  Uninitialised value was created by a stack allocation
==4917==    at 0x10A55C: TestRemoveNormal (GvectorTest.c:445)
==4917== 
==4917== Invalid write of size 8
==4917==    at 0x109536: VectorRemove (Gvector.c:130)
==4917==    by 0x10A5EA: TestRemoveNormal (GvectorTest.c:455)
==4917==    by 0x109883: main (GvectorTest.c:69)
==4917==  Address 0x4a50bd0 is 0 bytes inside a block of size 8 free'd
==4917==    at 0x483CA3F: free (in /usr/lib/x86_64-linux-gnu/valgrind/vgpreload_memcheck-amd64-linux.so)
==4917==    by 0x10A656: DestroyPersons (GvectorTest.c:471)
==4917==    by 0x10931C: VectorDestroy (Gvector.c:57)
==4917==    by 0x10A706: TestDestroyWithAllocation (GvectorTest.c:491)
==4917==    by 0x109879: main (GvectorTest.c:67)
==4917==  Block was alloc'd at
==4917==    at 0x483B7F3: malloc (in /usr/lib/x86_64-linux-gnu/valgrind/vgpreload_memcheck-amd64-linux.so)
==4917==    by 0x10A6A1: TestDestroyWithAllocation (GvectorTest.c:483)
==4917==    by 0x109879: main (GvectorTest.c:67)
==4917== 
==4917== Use of uninitialised value of size 8
==4917==    at 0x10A5EF: TestRemoveNormal (GvectorTest.c:457)
==4917==    by 0x109883: main (GvectorTest.c:69)
==4917==  Uninitialised value was created by a stack allocation
==4917==    at 0x10A55C: TestRemoveNormal (GvectorTest.c:445)
==4917== 
==4917== Invalid read of size 8
==4917==    at 0x10A5EF: TestRemoveNormal (GvectorTest.c:457)
==4917==    by 0x109883: main (GvectorTest.c:69)
==4917==  Address 0x4a50bd0 is 0 bytes inside a block of size 8 free'd
==4917==    at 0x483CA3F: free (in /usr/lib/x86_64-linux-gnu/valgrind/vgpreload_memcheck-amd64-linux.so)
==4917==    by 0x10A656: DestroyPersons (GvectorTest.c:471)
==4917==    by 0x10931C: VectorDestroy (Gvector.c:57)
==4917==    by 0x10A706: TestDestroyWithAllocation (GvectorTest.c:491)
==4917==    by 0x109879: main (GvectorTest.c:67)
==4917==  Block was alloc'd at
==4917==    at 0x483B7F3: malloc (in /usr/lib/x86_64-linux-gnu/valgrind/vgpreload_memcheck-amd64-linux.so)
==4917==    by 0x10A6A1: TestDestroyWithAllocation (GvectorTest.c:483)
==4917==    by 0x109879: main (GvectorTest.c:67)
==4917== 
==4917== Invalid read of size 8
==4917==    at 0x109349: VectorDestroy (Gvector.c:61)
==4917==    by 0x10A623: TestRemoveNormal (GvectorTest.c:465)
==4917==    by 0x109883: main (GvectorTest.c:69)
==4917==  Address 0x4a50d20 is 0 bytes inside a block of size 40 free'd
==4917==    at 0x483CA3F: free (in /usr/lib/x86_64-linux-gnu/valgrind/vgpreload_memcheck-amd64-linux.so)
==4917==    by 0x109341: VectorDestroy (Gvector.c:60)
==4917==    by 0x10A623: TestRemoveNormal (GvectorTest.c:465)
==4917==    by 0x109883: main (GvectorTest.c:69)
==4917==  Block was alloc'd at
==4917==    at 0x483B7F3: malloc (in /usr/lib/x86_64-linux-gnu/valgrind/vgpreload_memcheck-amd64-linux.so)
==4917==    by 0x10923E: VectorCreate (Gvector.c:27)
==4917==    by 0x10A59A: TestRemoveNormal (GvectorTest.c:450)
==4917==    by 0x109883: main (GvectorTest.c:69)
==4917== 
==4917== Invalid read of size 8
==4917==    at 0x109349: VectorDestroy (Gvector.c:61)
==4917==    by 0x10A4C3: TestRemoveValueNULL (GvectorTest.c:418)
==4917==    by 0x109897: main (GvectorTest.c:71)
==4917==  Address 0x4a50f20 is 0 bytes inside a block of size 40 free'd
==4917==    at 0x483CA3F: free (in /usr/lib/x86_64-linux-gnu/valgrind/vgpreload_memcheck-amd64-linux.so)
==4917==    by 0x109341: VectorDestroy (Gvector.c:60)
==4917==    by 0x10A4C3: TestRemoveValueNULL (GvectorTest.c:418)
==4917==    by 0x109897: main (GvectorTest.c:71)
==4917==  Block was alloc'd at
==4917==    at 0x483B7F3: malloc (in /usr/lib/x86_64-linux-gnu/valgrind/vgpreload_memcheck-amd64-linux.so)
==4917==    by 0x10923E: VectorCreate (Gvector.c:27)
==4917==    by 0x10A47A: TestRemoveValueNULL (GvectorTest.c:406)
==4917==    by 0x109897: main (GvectorTest.c:71)
==4917== 
==4917== Invalid read of size 8
==4917==    at 0x109349: VectorDestroy (Gvector.c:61)
==4917==    by 0x10A431: TestGetNormal (GvectorTest.c:395)
==4917==    by 0x1098A1: main (GvectorTest.c:73)
==4917==  Address 0x4a50fe0 is 0 bytes inside a block of size 40 free'd
==4917==    at 0x483CA3F: free (in /usr/lib/x86_64-linux-gnu/valgrind/vgpreload_memcheck-amd64-linux.so)
==4917==    by 0x109341: VectorDestroy (Gvector.c:60)
==4917==    by 0x10A431: TestGetNormal (GvectorTest.c:395)
==4917==    by 0x1098A1: main (GvectorTest.c:73)
==4917==  Block was alloc'd at
==4917==    at 0x483B7F3: malloc (in /usr/lib/x86_64-linux-gnu/valgrind/vgpreload_memcheck-amd64-linux.so)
==4917==    by 0x10923E: VectorCreate (Gvector.c:27)
==4917==    by 0x10A3A9: TestGetNormal (GvectorTest.c:379)
==4917==    by 0x1098A1: main (GvectorTest.c:73)
==4917== 
==4917== Invalid read of size 8
==4917==    at 0x109349: VectorDestroy (Gvector.c:61)
==4917==    by 0x10A2F4: TestGetWrongIndex1 (GvectorTest.c:353)
==4917==    by 0x1098B5: main (GvectorTest.c:75)
==4917==  Address 0x4a511e0 is 0 bytes inside a block of size 40 free'd
==4917==    at 0x483CA3F: free (in /usr/lib/x86_64-linux-gnu/valgrind/vgpreload_memcheck-amd64-linux.so)
==4917==    by 0x109341: VectorDestroy (Gvector.c:60)
==4917==    by 0x10A2F4: TestGetWrongIndex1 (GvectorTest.c:353)
==4917==    by 0x1098B5: main (GvectorTest.c:75)
==4917==  Block was alloc'd at
==4917==    at 0x483B7F3: malloc (in /usr/lib/x86_64-linux-gnu/valgrind/vgpreload_memcheck-amd64-linux.so)
==4917==    by 0x10923E: VectorCreate (Gvector.c:27)
==4917==    by 0x10A272: TestGetWrongIndex1 (GvectorTest.c:341)
==4917==    by 0x1098B5: main (GvectorTest.c:75)
==4917== 
==4917== Invalid read of size 8
==4917==    at 0x109349: VectorDestroy (Gvector.c:61)
==4917==    by 0x10A21C: TestGetWrongIndex2 (GvectorTest.c:330)
==4917==    by 0x1098BF: main (GvectorTest.c:76)
==4917==  Address 0x4a51320 is 0 bytes inside a block of size 40 free'd
==4917==    at 0x483CA3F: free (in /usr/lib/x86_64-linux-gnu/valgrind/vgpreload_memcheck-amd64-linux.so)
==4917==    by 0x109341: VectorDestroy (Gvector.c:60)
==4917==    by 0x10A21C: TestGetWrongIndex2 (GvectorTest.c:330)
==4917==    by 0x1098BF: main (GvectorTest.c:76)
==4917==  Block was alloc'd at
==4917==    at 0x483B7F3: malloc (in /usr/lib/x86_64-linux-gnu/valgrind/vgpreload_memcheck-amd64-linux.so)
==4917==    by 0x10923E: VectorCreate (Gvector.c:27)
==4917==    by 0x10A198: TestGetWrongIndex2 (GvectorTest.c:317)
==4917==    by 0x1098BF: main (GvectorTest.c:76)
==4917== 
==4917== Invalid read of size 8
==4917==    at 0x109349: VectorDestroy (Gvector.c:61)
==4917==    by 0x10A142: TestGetWrongIndex3 (GvectorTest.c:307)
==4917==    by 0x1098C9: main (GvectorTest.c:77)
==4917==  Address 0x4a51460 is 0 bytes inside a block of size 40 free'd
==4917==    at 0x483CA3F: free (in /usr/lib/x86_64-linux-gnu/valgrind/vgpreload_memcheck-amd64-linux.so)
==4917==    by 0x109341: VectorDestroy (Gvector.c:60)
==4917==    by 0x10A142: TestGetWrongIndex3 (GvectorTest.c:307)
==4917==    by 0x1098C9: main (GvectorTest.c:77)
==4917==  Block was alloc'd at
==4917==    at 0x483B7F3: malloc (in /usr/lib/x86_64-linux-gnu/valgrind/vgpreload_memcheck-amd64-linux.so)
==4917==    by 0x10923E: VectorCreate (Gvector.c:27)
==4917==    by 0x10A0F9: TestGetWrongIndex3 (GvectorTest.c:297)
==4917==    by 0x1098C9: main (GvectorTest.c:77)
==4917== 
==4917== Use of uninitialised value of size 8
==4917==    at 0x109641: VectorGet (Gvector.c:163)
==4917==    by 0x10A06A: TestSetNormal (GvectorTest.c:278)
==4917==    by 0x1098D3: main (GvectorTest.c:79)
==4917==  Uninitialised value was created by a stack allocation
==4917==    at 0x109FBE: TestSetNormal (GvectorTest.c:266)
==4917== 
==4917== Use of uninitialised value of size 8
==4917==    at 0x10A06F: TestSetNormal (GvectorTest.c:279)
==4917==    by 0x1098D3: main (GvectorTest.c:79)
==4917==  Uninitialised value was created by a stack allocation
==4917==    at 0x109FBE: TestSetNormal (GvectorTest.c:266)
==4917== 
==4917== Invalid read of size 8
==4917==    at 0x109349: VectorDestroy (Gvector.c:61)
==4917==    by 0x10A0A3: TestSetNormal (GvectorTest.c:286)
==4917==    by 0x1098D3: main (GvectorTest.c:79)
==4917==  Address 0x4a51520 is 0 bytes inside a block of size 40 free'd
==4917==    at 0x483CA3F: free (in /usr/lib/x86_64-linux-gnu/valgrind/vgpreload_memcheck-amd64-linux.so)
==4917==    by 0x109341: VectorDestroy (Gvector.c:60)
==4917==    by 0x10A0A3: TestSetNormal (GvectorTest.c:286)
==4917==    by 0x1098D3: main (GvectorTest.c:79)
==4917==  Block was alloc'd at
==4917==    at 0x483B7F3: malloc (in /usr/lib/x86_64-linux-gnu/valgrind/vgpreload_memcheck-amd64-linux.so)
==4917==    by 0x10923E: VectorCreate (Gvector.c:27)
==4917==    by 0x10A003: TestSetNormal (GvectorTest.c:271)
==4917==    by 0x1098D3: main (GvectorTest.c:79)
==4917== 
==4917== Invalid read of size 8
==4917==    at 0x109349: VectorDestroy (Gvector.c:61)
==4917==    by 0x109FA6: Testprint (GvectorTest.c:259)
==4917==    by 0x1098DD: main (GvectorTest.c:80)
==4917==  Address 0x4a51660 is 0 bytes inside a block of size 40 free'd
==4917==    at 0x483CA3F: free (in /usr/lib/x86_64-linux-gnu/valgrind/vgpreload_memcheck-amd64-linux.so)
==4917==    by 0x109341: VectorDestroy (Gvector.c:60)
==4917==    by 0x109FA6: Testprint (GvectorTest.c:259)
==4917==    by 0x1098DD: main (GvectorTest.c:80)
==4917==  Block was alloc'd at
==4917==    at 0x483B7F3: malloc (in /usr/lib/x86_64-linux-gnu/valgrind/vgpreload_memcheck-amd64-linux.so)
==4917==    by 0x10923E: VectorCreate (Gvector.c:27)
==4917==    by 0x109F23: Testprint (GvectorTest.c:251)
==4917==    by 0x1098DD: main (GvectorTest.c:80)
==4917== 
==4917== Invalid read of size 8
==4917==    at 0x109349: VectorDestroy (Gvector.c:61)
==4917==    by 0x109BCB: TestPrintStruct (GvectorTest.c:158)
==4917==    by 0x1098E7: main (GvectorTest.c:81)
==4917==  Address 0x4a51810 is 0 bytes inside a block of size 40 free'd
==4917==    at 0x483CA3F: free (in /usr/lib/x86_64-linux-gnu/valgrind/vgpreload_memcheck-amd64-linux.so)
==4917==    by 0x109341: VectorDestroy (Gvector.c:60)
==4917==    by 0x109BCB: TestPrintStruct (GvectorTest.c:158)
==4917==    by 0x1098E7: main (GvectorTest.c:81)
==4917==  Block was alloc'd at
==4917==    at 0x483B7F3: malloc (in /usr/lib/x86_64-linux-gnu/valgrind/vgpreload_memcheck-amd64-linux.so)
==4917==    by 0x10923E: VectorCreate (Gvector.c:27)
==4917==    by 0x109B5D: TestPrintStruct (GvectorTest.c:151)
==4917==    by 0x1098E7: main (GvectorTest.c:81)
==4917== 
==4917== Invalid read of size 8
==4917==    at 0x109349: VectorDestroy (Gvector.c:61)
==4917==    by 0x109A80: TestPrintString (GvectorTest.c:125)
==4917==    by 0x1098F1: main (GvectorTest.c:82)
==4917==  Address 0x4a51910 is 0 bytes inside a block of size 40 free'd
==4917==    at 0x483CA3F: free (in /usr/lib/x86_64-linux-gnu/valgrind/vgpreload_memcheck-amd64-linux.so)
==4917==    by 0x109341: VectorDestroy (Gvector.c:60)
==4917==    by 0x109A80: TestPrintString (GvectorTest.c:125)
==4917==    by 0x1098F1: main (GvectorTest.c:82)
==4917==  Block was alloc'd at
==4917==    at 0x483B7F3: malloc (in /usr/lib/x86_64-linux-gnu/valgrind/vgpreload_memcheck-amd64-linux.so)
==4917==    by 0x10923E: VectorCreate (Gvector.c:27)
==4917==    by 0x1099DA: TestPrintString (GvectorTest.c:115)
==4917==    by 0x1098F1: main (GvectorTest.c:82)
==4917== 
==4917== Invalid read of size 8
==4917==    at 0x109349: VectorDestroy (Gvector.c:61)
==4917==    by 0x109E80: TestVectorSizeNormal (GvectorTest.c:235)
==4917==    by 0x1098FB: main (GvectorTest.c:85)
==4917==  Address 0x4a51a10 is 0 bytes inside a block of size 40 free'd
==4917==    at 0x483CA3F: free (in /usr/lib/x86_64-linux-gnu/valgrind/vgpreload_memcheck-amd64-linux.so)
==4917==    by 0x109341: VectorDestroy (Gvector.c:60)
==4917==    by 0x109E80: TestVectorSizeNormal (GvectorTest.c:235)
==4917==    by 0x1098FB: main (GvectorTest.c:85)
==4917==  Block was alloc'd at
==4917==    at 0x483B7F3: malloc (in /usr/lib/x86_64-linux-gnu/valgrind/vgpreload_memcheck-amd64-linux.so)
==4917==    by 0x10923E: VectorCreate (Gvector.c:27)
==4917==    by 0x109E06: TestVectorSizeNormal (GvectorTest.c:223)
==4917==    by 0x1098FB: main (GvectorTest.c:85)
==4917== 
==4917== Invalid read of size 8
==4917==    at 0x109349: VectorDestroy (Gvector.c:61)
==4917==    by 0x109DB0: TestVectorSizeNULL (GvectorTest.c:215)
==4917==    by 0x109905: main (GvectorTest.c:86)
==4917==  Address 0x4a51b50 is 0 bytes inside a block of size 40 free'd
==4917==    at 0x483CA3F: free (in /usr/lib/x86_64-linux-gnu/valgrind/vgpreload_memcheck-amd64-linux.so)
==4917==    by 0x109341: VectorDestroy (Gvector.c:60)
==4917==    by 0x109DB0: TestVectorSizeNULL (GvectorTest.c:215)
==4917==    by 0x109905: main (GvectorTest.c:86)
==4917==  Block was alloc'd at
==4917==    at 0x483B7F3: malloc (in /usr/lib/x86_64-linux-gnu/valgrind/vgpreload_memcheck-amd64-linux.so)
==4917==    by 0x10923E: VectorCreate (Gvector.c:27)
==4917==    by 0x109D72: TestVectorSizeNULL (GvectorTest.c:206)
==4917==    by 0x109905: main (GvectorTest.c:86)
==4917== 
==4917== Invalid read of size 8
==4917==    at 0x109349: VectorDestroy (Gvector.c:61)
==4917==    by 0x109D1C: TestCapacityNormal (GvectorTest.c:198)
==4917==    by 0x10990F: main (GvectorTest.c:88)
==4917==  Address 0x4a51c10 is 0 bytes inside a block of size 40 free'd
==4917==    at 0x483CA3F: free (in /usr/lib/x86_64-linux-gnu/valgrind/vgpreload_memcheck-amd64-linux.so)
==4917==    by 0x109341: VectorDestroy (Gvector.c:60)
==4917==    by 0x109D1C: TestCapacityNormal (GvectorTest.c:198)
==4917==    by 0x10990F: main (GvectorTest.c:88)
==4917==  Block was alloc'd at
==4917==    at 0x483B7F3: malloc (in /usr/lib/x86_64-linux-gnu/valgrind/vgpreload_memcheck-amd64-linux.so)
==4917==    by 0x10923E: VectorCreate (Gvector.c:27)
==4917==    by 0x109CA2: TestCapacityNormal (GvectorTest.c:182)
==4917==    by 0x10990F: main (GvectorTest.c:88)
==4917== 
==4917== Conditional jump or move depends on uninitialised value(s)
==4917==    at 0x1092E9: VectorDestroy (Gvector.c:50)
==4917==    by 0x109C4C: TestCapacityNULL (GvectorTest.c:174)
==4917==    by 0x109919: main (GvectorTest.c:89)
==4917==  Uninitialised value was created by a stack allocation
==4917==    at 0x109BE3: TestCapacityNULL (GvectorTest.c:163)
==4917== 
==4917== 
==4917== HEAP SUMMARY:
==4917==     in use at exit: 408 bytes in 11 blocks
==4917==   total heap usage: 61 allocs, 50 frees, 3,240 bytes allocated
==4917== 
==4917== 8 bytes in 1 blocks are definitely lost in loss record 1 of 11
==4917==    at 0x483B7F3: malloc (in /usr/lib/x86_64-linux-gnu/valgrind/vgpreload_memcheck-amd64-linux.so)
==4917==    by 0x10ACA5: TestCreateWithAllocation (GvectorTest.c:658)
==4917==    by 0x109833: main (GvectorTest.c:58)
==4917== 
==4917== 8 bytes in 1 blocks are definitely lost in loss record 2 of 11
==4917==    at 0x483B7F3: malloc (in /usr/lib/x86_64-linux-gnu/valgrind/vgpreload_memcheck-amd64-linux.so)
==4917==    by 0x10ACC8: TestCreateWithAllocation (GvectorTest.c:663)
==4917==    by 0x109833: main (GvectorTest.c:58)
==4917== 
==4917== 16 bytes in 1 blocks are definitely lost in loss record 4 of 11
==4917==    at 0x483B7F3: malloc (in /usr/lib/x86_64-linux-gnu/valgrind/vgpreload_memcheck-amd64-linux.so)
==4917==    by 0x109260: VectorCreate (Gvector.c:32)
==4917==    by 0x10A326: TestGetVectorNull (GvectorTest.c:360)
==4917==    by 0x1098AB: main (GvectorTest.c:74)
==4917== 
==4917== 40 bytes in 1 blocks are definitely lost in loss record 5 of 11
==4917==    at 0x483B7F3: malloc (in /usr/lib/x86_64-linux-gnu/valgrind/vgpreload_memcheck-amd64-linux.so)
==4917==    by 0x10923E: VectorCreate (Gvector.c:27)
==4917==    by 0x10A326: TestGetVectorNull (GvectorTest.c:360)
==4917==    by 0x1098AB: main (GvectorTest.c:74)
==4917== 
==4917== 40 bytes in 1 blocks are definitely lost in loss record 6 of 11
==4917==    at 0x483B7F3: malloc (in /usr/lib/x86_64-linux-gnu/valgrind/vgpreload_memcheck-amd64-linux.so)
==4917==    by 0x109AFB: TestPrintStruct (GvectorTest.c:143)
==4917==    by 0x1098E7: main (GvectorTest.c:81)
==4917== 
==4917== 56 (40 direct, 16 indirect) bytes in 1 blocks are definitely lost in loss record 7 of 11
==4917==    at 0x483B7F3: malloc (in /usr/lib/x86_64-linux-gnu/valgrind/vgpreload_memcheck-amd64-linux.so)
==4917==    by 0x10923E: VectorCreate (Gvector.c:27)
==4917==    by 0x10A50C: TestRemoveVectorNULL (GvectorTest.c:428)
==4917==    by 0x10988D: main (GvectorTest.c:70)
==4917== 
==4917== 120 (40 direct, 80 indirect) bytes in 1 blocks are definitely lost in loss record 10 of 11
==4917==    at 0x483B7F3: malloc (in /usr/lib/x86_64-linux-gnu/valgrind/vgpreload_memcheck-amd64-linux.so)
==4917==    by 0x10923E: VectorCreate (Gvector.c:27)
==4917==    by 0x10AC10: TestCreateCheckMembers (GvectorTest.c:636)
==4917==    by 0x109829: main (GvectorTest.c:57)
==4917== 
==4917== 120 (40 direct, 80 indirect) bytes in 1 blocks are definitely lost in loss record 11 of 11
==4917==    at 0x483B7F3: malloc (in /usr/lib/x86_64-linux-gnu/valgrind/vgpreload_memcheck-amd64-linux.so)
==4917==    by 0x10923E: VectorCreate (Gvector.c:27)
==4917==    by 0x10ACF0: TestCreateWithAllocation (GvectorTest.c:667)
==4917==    by 0x109833: main (GvectorTest.c:58)
==4917== 
==4917== LEAK SUMMARY:
==4917==    definitely lost: 232 bytes in 8 blocks
==4917==    indirectly lost: 176 bytes in 3 blocks
==4917==      possibly lost: 0 bytes in 0 blocks
==4917==    still reachable: 0 bytes in 0 blocks
==4917==         suppressed: 0 bytes in 0 blocks
==4917== 
==4917== For lists of detected and suppressed errors, rerun with: -s
==4917== ERROR SUMMARY: 35 errors from 35 contexts (suppressed: 0 from 0)
